2025-08-22 12:04:16,259 - INFO - === GENERATION PREDICTIONS SOPHISTIQUEES ===
2025-08-22 12:04:16,259 - INFO - Limite matches: 20
2025-08-22 12:04:16,259 - INFO - Initialisation Ultra Sophisticated ML System...
2025-08-22 12:04:16,966 - INFO - Gestionnaire pagination Supabase initialise
2025-08-22 12:04:16,966 - INFO - Calculateur intelligent des features initialise
2025-08-22 12:04:16,966 - INFO - Feature Engineer avance initialise
2025-08-22 12:04:16,966 - INFO - Architecture ML hybride initialisee
2025-08-22 12:04:16,966 - INFO - Moteur d'explainabilite initialise
2025-08-22 12:04:16,975 - INFO - SYSTEME ML ULTRA SOPHISTIQUE INITIALISE
2025-08-22 12:04:16,975 - INFO - Aucun modele trouve, entrainement necessaire...
2025-08-22 12:04:16,976 - INFO - DEMARRAGE PIPELINE COMPLET
2025-08-22 12:04:16,976 - INFO - Debut: 2025-08-22 12:04:16
2025-08-22 12:04:16,976 - INFO - 
PHASE 1: EXTRACTION DONNEES INTELLIGENTE
2025-08-22 12:04:16,977 - INFO - Extraction donnees depuis Supabase...
2025-08-22 12:04:16,977 - INFO - Recuperation parallele de 6 tables...
2025-08-22 12:04:16,978 - INFO - Recuperation donnees matches...
2025-08-22 12:04:16,979 - INFO - Recuperation donnees match_statistics...
2025-08-22 12:04:16,980 - INFO - Recuperation donnees team_features...
2025-08-22 12:04:16,981 - INFO - Recuperation donnees player_features...
2025-08-22 12:04:16,982 - INFO - Recuperation donnees match_events...
2025-08-22 12:04:17,819 - ERROR - Erreur recuperation match_statistics page 0: [Errno 11001] getaddrinfo failed
2025-08-22 12:04:17,819 - ERROR - Erreur recuperation team_features page 0: [Errno 11001] getaddrinfo failed
2025-08-22 12:04:17,819 - ERROR - Erreur recuperation match_events page 0: [Errno 11001] getaddrinfo failed
2025-08-22 12:04:17,819 - ERROR - Erreur recuperation player_features page 0: [Errno 11001] getaddrinfo failed
2025-08-22 12:04:17,819 - ERROR - Erreur recuperation matches page 0: [Errno 11001] getaddrinfo failed
2025-08-22 12:04:17,820 - INFO - match_statistics: 0 lignes recuperees en 0 requêtes
2025-08-22 12:04:17,820 - INFO - team_features: 0 lignes recuperees en 0 requêtes
2025-08-22 12:04:17,820 - INFO - match_events: 0 lignes recuperees en 0 requêtes
2025-08-22 12:04:17,820 - INFO - player_features: 0 lignes recuperees en 0 requêtes
2025-08-22 12:04:17,821 - INFO - matches: 0 lignes recuperees en 0 requêtes
2025-08-22 12:04:17,821 - INFO - Recuperation donnees lineups...
2025-08-22 12:04:17,821 - INFO - match_statistics: 0 lignes
2025-08-22 12:04:17,822 - INFO - team_features: 0 lignes
2025-08-22 12:04:17,822 - INFO - match_events: 0 lignes
2025-08-22 12:04:17,822 - INFO - player_features: 0 lignes
2025-08-22 12:04:17,822 - INFO - matches: 0 lignes
2025-08-22 12:04:17,839 - ERROR - Erreur recuperation lineups page 0: [Errno 11001] getaddrinfo failed
2025-08-22 12:04:17,839 - INFO - lineups: 0 lignes recuperees en 0 requêtes
2025-08-22 12:04:17,840 - INFO - lineups: 0 lignes
2025-08-22 12:04:17,841 - INFO -   match_statistics: 0 lignes
2025-08-22 12:04:17,841 - INFO -   team_features: 0 lignes
2025-08-22 12:04:17,841 - INFO -   match_events: 0 lignes
2025-08-22 12:04:17,841 - INFO -   player_features: 0 lignes
2025-08-22 12:04:17,842 - INFO -   matches: 0 lignes
2025-08-22 12:04:17,842 - INFO -   lineups: 0 lignes
2025-08-22 12:04:17,842 - INFO - 
PHASE 2: CALCUL FEATURES MANQUANTES
2025-08-22 12:04:17,842 - INFO - Calcul intelligent des features...
2025-08-22 12:04:17,842 - ERROR - ❌ ERREUR PIPELINE: No objects to concatenate
2025-08-22 12:04:17,849 - INFO - Generation predictions avec features sophistiquees...
2025-08-22 12:04:17,849 - INFO - Generation predictions sophistiquees pour 20 matches...
2025-08-22 12:04:17,849 - WARNING - Modele non entraine, entrainement automatique...
2025-08-22 12:04:17,849 - INFO - DEMARRAGE PIPELINE COMPLET
2025-08-22 12:04:17,849 - INFO - Debut: 2025-08-22 12:04:17
2025-08-22 12:04:17,849 - INFO - 
PHASE 1: EXTRACTION DONNEES INTELLIGENTE
2025-08-22 12:04:17,849 - INFO - Extraction donnees depuis Supabase...
2025-08-22 12:04:17,849 - INFO - Recuperation parallele de 6 tables...
2025-08-22 12:04:17,851 - INFO - Cache hit pour matches
2025-08-22 12:04:17,852 - INFO - Cache hit pour match_statistics
2025-08-22 12:04:17,852 - INFO - Cache hit pour team_features
2025-08-22 12:04:17,852 - INFO - Cache hit pour player_features
2025-08-22 12:04:17,853 - INFO - Cache hit pour match_events
2025-08-22 12:04:17,853 - INFO - matches: 0 lignes
2025-08-22 12:04:17,853 - INFO - Cache hit pour lineups
2025-08-22 12:04:17,853 - INFO - team_features: 0 lignes
2025-08-22 12:04:17,854 - INFO - match_statistics: 0 lignes
2025-08-22 12:04:17,854 - INFO - player_features: 0 lignes
2025-08-22 12:04:17,854 - INFO - match_events: 0 lignes
2025-08-22 12:04:17,854 - INFO - lineups: 0 lignes
2025-08-22 12:04:17,855 - INFO -   matches: 0 lignes
2025-08-22 12:04:17,855 - INFO -   team_features: 0 lignes
2025-08-22 12:04:17,855 - INFO -   match_statistics: 0 lignes
2025-08-22 12:04:17,855 - INFO -   player_features: 0 lignes
2025-08-22 12:04:17,855 - INFO -   match_events: 0 lignes
2025-08-22 12:04:17,855 - INFO -   lineups: 0 lignes
2025-08-22 12:04:17,855 - INFO - 
PHASE 2: CALCUL FEATURES MANQUANTES
2025-08-22 12:04:17,855 - INFO - Calcul intelligent des features...
2025-08-22 12:04:17,855 - ERROR - ❌ ERREUR PIPELINE: No objects to concatenate
2025-08-22 12:04:17,876 - ERROR - Erreur generation predictions: [Errno 11001] getaddrinfo failed
2025-08-22 12:04:17,877 - ERROR - Aucune prediction generee!
2025-08-22 12:04:23,920 - INFO - === GENERATION PREDICTIONS SOPHISTIQUEES ===
2025-08-22 12:04:23,921 - INFO - Limite matches: 20
2025-08-22 12:04:23,921 - INFO - Initialisation Ultra Sophisticated ML System...
2025-08-22 12:04:24,638 - INFO - Gestionnaire pagination Supabase initialise
2025-08-22 12:04:24,638 - INFO - Calculateur intelligent des features initialise
2025-08-22 12:04:24,638 - INFO - Feature Engineer avance initialise
2025-08-22 12:04:24,638 - INFO - Architecture ML hybride initialisee
2025-08-22 12:04:24,638 - INFO - Moteur d'explainabilite initialise
2025-08-22 12:04:24,638 - INFO - SYSTEME ML ULTRA SOPHISTIQUE INITIALISE
2025-08-22 12:04:24,639 - INFO - Aucun modele trouve, entrainement necessaire...
2025-08-22 12:04:24,639 - INFO - DEMARRAGE PIPELINE COMPLET
2025-08-22 12:04:24,639 - INFO - Debut: 2025-08-22 12:04:24
2025-08-22 12:04:24,639 - INFO - 
PHASE 1: EXTRACTION DONNEES INTELLIGENTE
2025-08-22 12:04:24,639 - INFO - Extraction donnees depuis Supabase...
2025-08-22 12:04:24,639 - INFO - Recuperation parallele de 6 tables...
2025-08-22 12:04:24,641 - INFO - Recuperation donnees matches...
2025-08-22 12:04:24,642 - INFO - Recuperation donnees match_statistics...
2025-08-22 12:04:24,643 - INFO - Recuperation donnees team_features...
2025-08-22 12:04:24,645 - INFO - Recuperation donnees player_features...
2025-08-22 12:04:24,646 - INFO - Recuperation donnees match_events...
2025-08-22 12:04:25,457 - ERROR - Erreur recuperation team_features page 0: [Errno 11001] getaddrinfo failed
2025-08-22 12:04:25,457 - ERROR - Erreur recuperation match_statistics page 0: [Errno 11001] getaddrinfo failed
2025-08-22 12:04:25,457 - ERROR - Erreur recuperation player_features page 0: [Errno 11001] getaddrinfo failed
2025-08-22 12:04:25,457 - ERROR - Erreur recuperation matches page 0: [Errno 11001] getaddrinfo failed
2025-08-22 12:04:25,458 - ERROR - Erreur recuperation match_events page 0: [Errno 11001] getaddrinfo failed
2025-08-22 12:04:25,458 - INFO - team_features: 0 lignes recuperees en 0 requêtes
2025-08-22 12:04:25,458 - INFO - match_statistics: 0 lignes recuperees en 0 requêtes
2025-08-22 12:04:25,458 - INFO - player_features: 0 lignes recuperees en 0 requêtes
2025-08-22 12:04:25,458 - INFO - matches: 0 lignes recuperees en 0 requêtes
2025-08-22 12:04:25,458 - INFO - match_events: 0 lignes recuperees en 0 requêtes
2025-08-22 12:04:25,459 - INFO - Recuperation donnees lineups...
2025-08-22 12:04:25,459 - INFO - team_features: 0 lignes
2025-08-22 12:04:25,460 - INFO - match_statistics: 0 lignes
2025-08-22 12:04:25,460 - INFO - player_features: 0 lignes
2025-08-22 12:04:25,460 - INFO - matches: 0 lignes
2025-08-22 12:04:25,461 - INFO - match_events: 0 lignes
2025-08-22 12:04:25,478 - ERROR - Erreur recuperation lineups page 0: [Errno 11001] getaddrinfo failed
2025-08-22 12:04:25,478 - INFO - lineups: 0 lignes recuperees en 0 requêtes
2025-08-22 12:04:25,478 - INFO - lineups: 0 lignes
2025-08-22 12:04:25,480 - INFO -   team_features: 0 lignes
2025-08-22 12:04:25,480 - INFO -   match_statistics: 0 lignes
2025-08-22 12:04:25,480 - INFO -   player_features: 0 lignes
2025-08-22 12:04:25,480 - INFO -   matches: 0 lignes
2025-08-22 12:04:25,480 - INFO -   match_events: 0 lignes
2025-08-22 12:04:25,480 - INFO -   lineups: 0 lignes
2025-08-22 12:04:25,480 - INFO - 
PHASE 2: CALCUL FEATURES MANQUANTES
2025-08-22 12:04:25,480 - INFO - Calcul intelligent des features...
2025-08-22 12:04:25,481 - ERROR - ❌ ERREUR PIPELINE: No objects to concatenate
2025-08-22 12:04:25,488 - INFO - Generation predictions avec features sophistiquees...
2025-08-22 12:04:25,488 - INFO - Generation predictions sophistiquees pour 20 matches...
2025-08-22 12:04:25,489 - WARNING - Modele non entraine, entrainement automatique...
2025-08-22 12:04:25,489 - INFO - DEMARRAGE PIPELINE COMPLET
2025-08-22 12:04:25,489 - INFO - Debut: 2025-08-22 12:04:25
2025-08-22 12:04:25,489 - INFO - 
PHASE 1: EXTRACTION DONNEES INTELLIGENTE
2025-08-22 12:04:25,489 - INFO - Extraction donnees depuis Supabase...
2025-08-22 12:04:25,489 - INFO - Recuperation parallele de 6 tables...
2025-08-22 12:04:25,490 - INFO - Cache hit pour matches
2025-08-22 12:04:25,491 - INFO - Cache hit pour match_statistics
2025-08-22 12:04:25,491 - INFO - Cache hit pour team_features
2025-08-22 12:04:25,491 - INFO - Cache hit pour player_features
2025-08-22 12:04:25,492 - INFO - Cache hit pour match_events
2025-08-22 12:04:25,492 - INFO - matches: 0 lignes
2025-08-22 12:04:25,492 - INFO - Cache hit pour lineups
2025-08-22 12:04:25,492 - INFO - player_features: 0 lignes
2025-08-22 12:04:25,493 - INFO - team_features: 0 lignes
2025-08-22 12:04:25,493 - INFO - match_statistics: 0 lignes
2025-08-22 12:04:25,493 - INFO - match_events: 0 lignes
2025-08-22 12:04:25,493 - INFO - lineups: 0 lignes
2025-08-22 12:04:25,494 - INFO -   matches: 0 lignes
2025-08-22 12:04:25,494 - INFO -   player_features: 0 lignes
2025-08-22 12:04:25,494 - INFO -   team_features: 0 lignes
2025-08-22 12:04:25,494 - INFO -   match_statistics: 0 lignes
2025-08-22 12:04:25,494 - INFO -   match_events: 0 lignes
2025-08-22 12:04:25,494 - INFO -   lineups: 0 lignes
2025-08-22 12:04:25,494 - INFO - 
PHASE 2: CALCUL FEATURES MANQUANTES
2025-08-22 12:04:25,494 - INFO - Calcul intelligent des features...
2025-08-22 12:04:25,494 - ERROR - ❌ ERREUR PIPELINE: No objects to concatenate
2025-08-22 12:04:25,508 - ERROR - Erreur generation predictions: [Errno 11001] getaddrinfo failed
2025-08-22 12:04:25,508 - ERROR - Aucune prediction generee!
2025-08-22 12:04:43,404 - INFO - === GENERATION PREDICTIONS SOPHISTIQUEES ===
2025-08-22 12:04:43,405 - INFO - Limite matches: 20
2025-08-22 12:04:43,405 - INFO - Initialisation Ultra Sophisticated ML System...
2025-08-22 12:04:44,074 - INFO - Gestionnaire pagination Supabase initialise
2025-08-22 12:04:44,075 - INFO - Calculateur intelligent des features initialise
2025-08-22 12:04:44,075 - INFO - Feature Engineer avance initialise
2025-08-22 12:04:44,075 - INFO - Architecture ML hybride initialisee
2025-08-22 12:04:44,075 - INFO - Moteur d'explainabilite initialise
2025-08-22 12:04:44,075 - INFO - SYSTEME ML ULTRA SOPHISTIQUE INITIALISE
2025-08-22 12:04:44,076 - INFO - Aucun modele trouve, entrainement necessaire...
2025-08-22 12:04:44,076 - INFO - DEMARRAGE PIPELINE COMPLET
2025-08-22 12:04:44,076 - INFO - Debut: 2025-08-22 12:04:44
2025-08-22 12:04:44,076 - INFO - 
PHASE 1: EXTRACTION DONNEES INTELLIGENTE
2025-08-22 12:04:44,077 - INFO - Extraction donnees depuis Supabase...
2025-08-22 12:04:44,077 - INFO - Recuperation parallele de 6 tables...
2025-08-22 12:04:44,078 - INFO - Recuperation donnees matches...
2025-08-22 12:04:44,079 - INFO - Recuperation donnees match_statistics...
2025-08-22 12:04:44,080 - INFO - Recuperation donnees team_features...
2025-08-22 12:04:44,081 - INFO - Recuperation donnees player_features...
2025-08-22 12:04:44,083 - INFO - Recuperation donnees match_events...
2025-08-22 12:04:44,876 - ERROR - Erreur recuperation matches page 0: [Errno 11001] getaddrinfo failed
2025-08-22 12:04:44,877 - ERROR - Erreur recuperation player_features page 0: [Errno 11001] getaddrinfo failed
2025-08-22 12:04:44,877 - ERROR - Erreur recuperation team_features page 0: [Errno 11001] getaddrinfo failed
2025-08-22 12:04:44,877 - ERROR - Erreur recuperation match_statistics page 0: [Errno 11001] getaddrinfo failed
2025-08-22 12:04:44,877 - ERROR - Erreur recuperation match_events page 0: [Errno 11001] getaddrinfo failed
2025-08-22 12:04:44,877 - INFO - matches: 0 lignes recuperees en 0 requêtes
2025-08-22 12:04:44,878 - INFO - player_features: 0 lignes recuperees en 0 requêtes
2025-08-22 12:04:44,878 - INFO - team_features: 0 lignes recuperees en 0 requêtes
2025-08-22 12:04:44,878 - INFO - match_statistics: 0 lignes recuperees en 0 requêtes
2025-08-22 12:04:44,878 - INFO - match_events: 0 lignes recuperees en 0 requêtes
2025-08-22 12:04:44,878 - INFO - Recuperation donnees lineups...
2025-08-22 12:04:44,879 - INFO - matches: 0 lignes
2025-08-22 12:04:44,880 - INFO - player_features: 0 lignes
2025-08-22 12:04:44,880 - INFO - team_features: 0 lignes
2025-08-22 12:04:44,880 - INFO - match_statistics: 0 lignes
2025-08-22 12:04:44,880 - INFO - match_events: 0 lignes
2025-08-22 12:04:44,897 - ERROR - Erreur recuperation lineups page 0: [Errno 11001] getaddrinfo failed
2025-08-22 12:04:44,897 - INFO - lineups: 0 lignes recuperees en 0 requêtes
2025-08-22 12:04:44,897 - INFO - lineups: 0 lignes
2025-08-22 12:04:44,898 - INFO -   matches: 0 lignes
2025-08-22 12:04:44,899 - INFO -   player_features: 0 lignes
2025-08-22 12:04:44,899 - INFO -   team_features: 0 lignes
2025-08-22 12:04:44,899 - INFO -   match_statistics: 0 lignes
2025-08-22 12:04:44,899 - INFO -   match_events: 0 lignes
2025-08-22 12:04:44,899 - INFO -   lineups: 0 lignes
2025-08-22 12:04:44,899 - INFO - 
PHASE 2: CALCUL FEATURES MANQUANTES
2025-08-22 12:04:44,899 - INFO - Calcul intelligent des features...
2025-08-22 12:04:44,899 - ERROR - ❌ ERREUR PIPELINE: No objects to concatenate
2025-08-22 12:04:44,905 - INFO - Generation predictions avec features sophistiquees...
2025-08-22 12:04:44,905 - INFO - Generation predictions sophistiquees pour 20 matches...
2025-08-22 12:04:44,906 - WARNING - Modele non entraine, entrainement automatique...
2025-08-22 12:04:44,906 - INFO - DEMARRAGE PIPELINE COMPLET
2025-08-22 12:04:44,906 - INFO - Debut: 2025-08-22 12:04:44
2025-08-22 12:04:44,906 - INFO - 
PHASE 1: EXTRACTION DONNEES INTELLIGENTE
2025-08-22 12:04:44,906 - INFO - Extraction donnees depuis Supabase...
2025-08-22 12:04:44,906 - INFO - Recuperation parallele de 6 tables...
2025-08-22 12:04:44,907 - INFO - Cache hit pour matches
2025-08-22 12:04:44,907 - INFO - Cache hit pour match_statistics
2025-08-22 12:04:44,908 - INFO - Cache hit pour player_features
2025-08-22 12:04:44,908 - INFO - Cache hit pour team_features
2025-08-22 12:04:44,908 - INFO - Cache hit pour match_events
2025-08-22 12:04:44,909 - INFO - matches: 0 lignes
2025-08-22 12:04:44,909 - INFO - Cache hit pour lineups
2025-08-22 12:04:44,909 - INFO - player_features: 0 lignes
2025-08-22 12:04:44,910 - INFO - team_features: 0 lignes
2025-08-22 12:04:44,910 - INFO - match_statistics: 0 lignes
2025-08-22 12:04:44,910 - INFO - match_events: 0 lignes
2025-08-22 12:04:44,910 - INFO - lineups: 0 lignes
2025-08-22 12:04:44,911 - INFO -   matches: 0 lignes
2025-08-22 12:04:44,911 - INFO -   player_features: 0 lignes
2025-08-22 12:04:44,911 - INFO -   team_features: 0 lignes
2025-08-22 12:04:44,911 - INFO -   match_statistics: 0 lignes
2025-08-22 12:04:44,911 - INFO -   match_events: 0 lignes
2025-08-22 12:04:44,911 - INFO -   lineups: 0 lignes
2025-08-22 12:04:44,911 - INFO - 
PHASE 2: CALCUL FEATURES MANQUANTES
2025-08-22 12:04:44,911 - INFO - Calcul intelligent des features...
2025-08-22 12:04:44,911 - ERROR - ❌ ERREUR PIPELINE: No objects to concatenate
2025-08-22 12:04:44,925 - ERROR - Erreur generation predictions: [Errno 11001] getaddrinfo failed
2025-08-22 12:04:44,926 - ERROR - Aucune prediction generee!
