2025-08-22 11:59:18,371 - INFO - === GENERATION PREDICTIONS SOPHISTIQUEES ===
2025-08-22 11:59:18,372 - INFO - Limite matches: 20
2025-08-22 11:59:18,372 - INFO - Initialisation Ultra Sophisticated ML System...
2025-08-22 11:59:19,211 - INFO - Gestionnaire pagination Supabase initialise
2025-08-22 11:59:19,211 - INFO - Calculateur intelligent des features initialise
2025-08-22 11:59:19,212 - INFO - Feature Engineer avance initialise
2025-08-22 11:59:19,212 - INFO - Architecture ML hybride initialisee
2025-08-22 11:59:19,212 - INFO - Moteur d'explainabilite initialise
2025-08-22 11:59:19,212 - INFO - SYSTEME ML ULTRA SOPHISTIQUE INITIALISE
2025-08-22 11:59:19,213 - INFO - Aucun modele trouve, entrainement necessaire...
2025-08-22 11:59:19,213 - INFO - DEMARRAGE PIPELINE COMPLET
2025-08-22 11:59:19,213 - INFO - Debut: 2025-08-22 11:59:19
2025-08-22 11:59:19,213 - INFO - 
PHASE 1: EXTRACTION DONNEES INTELLIGENTE
2025-08-22 11:59:19,213 - INFO - Extraction donnees depuis Supabase...
2025-08-22 11:59:19,213 - INFO - Recuperation parallele de 6 tables...
2025-08-22 11:59:19,215 - INFO - Recuperation donnees matches...
2025-08-22 11:59:19,216 - INFO - Recuperation donnees match_statistics...
2025-08-22 11:59:19,217 - INFO - Recuperation donnees team_features...
2025-08-22 11:59:19,218 - INFO - Recuperation donnees player_features...
2025-08-22 11:59:19,219 - INFO - Recuperation donnees match_events...
2025-08-22 11:59:24,507 - ERROR - Erreur recuperation matches page 0: [Errno 11001] getaddrinfo failed
2025-08-22 11:59:24,507 - ERROR - Erreur recuperation match_statistics page 0: [Errno 11001] getaddrinfo failed
2025-08-22 11:59:24,507 - ERROR - Erreur recuperation player_features page 0: [Errno 11001] getaddrinfo failed
2025-08-22 11:59:24,507 - ERROR - Erreur recuperation match_events page 0: [Errno 11001] getaddrinfo failed
2025-08-22 11:59:24,507 - ERROR - Erreur recuperation team_features page 0: [Errno 11001] getaddrinfo failed
2025-08-22 11:59:24,507 - INFO - matches: 0 lignes recuperees en 0 requêtes
2025-08-22 11:59:24,508 - INFO - match_statistics: 0 lignes recuperees en 0 requêtes
2025-08-22 11:59:24,508 - INFO - player_features: 0 lignes recuperees en 0 requêtes
2025-08-22 11:59:24,508 - INFO - match_events: 0 lignes recuperees en 0 requêtes
2025-08-22 11:59:24,508 - INFO - team_features: 0 lignes recuperees en 0 requêtes
2025-08-22 11:59:24,508 - INFO - Recuperation donnees lineups...
2025-08-22 11:59:24,508 - INFO - matches: 0 lignes
2025-08-22 11:59:24,510 - INFO - match_statistics: 0 lignes
2025-08-22 11:59:24,510 - INFO - player_features: 0 lignes
2025-08-22 11:59:24,510 - INFO - match_events: 0 lignes
2025-08-22 11:59:24,510 - INFO - team_features: 0 lignes
2025-08-22 11:59:24,546 - ERROR - Erreur recuperation lineups page 0: [Errno 11001] getaddrinfo failed
2025-08-22 11:59:24,546 - INFO - lineups: 0 lignes recuperees en 0 requêtes
2025-08-22 11:59:24,546 - INFO - lineups: 0 lignes
2025-08-22 11:59:24,548 - INFO -   matches: 0 lignes
2025-08-22 11:59:24,549 - INFO -   match_statistics: 0 lignes
2025-08-22 11:59:24,549 - INFO -   player_features: 0 lignes
2025-08-22 11:59:24,549 - INFO -   match_events: 0 lignes
2025-08-22 11:59:24,549 - INFO -   team_features: 0 lignes
2025-08-22 11:59:24,549 - INFO -   lineups: 0 lignes
2025-08-22 11:59:24,549 - INFO - 
PHASE 2: CALCUL FEATURES MANQUANTES
2025-08-22 11:59:24,549 - INFO - Calcul intelligent des features...
2025-08-22 11:59:24,558 - ERROR - ❌ ERREUR PIPELINE: No objects to concatenate
2025-08-22 11:59:24,630 - INFO - Generation predictions avec features sophistiquees...
2025-08-22 11:59:24,630 - INFO - Generation predictions sophistiquees pour 20 matches...
2025-08-22 11:59:24,631 - WARNING - Modele non entraine, entrainement automatique...
2025-08-22 11:59:24,631 - INFO - DEMARRAGE PIPELINE COMPLET
2025-08-22 11:59:24,631 - INFO - Debut: 2025-08-22 11:59:24
2025-08-22 11:59:24,631 - INFO - 
PHASE 1: EXTRACTION DONNEES INTELLIGENTE
2025-08-22 11:59:24,631 - INFO - Extraction donnees depuis Supabase...
2025-08-22 11:59:24,632 - INFO - Recuperation parallele de 6 tables...
2025-08-22 11:59:24,633 - INFO - Cache hit pour matches
2025-08-22 11:59:24,633 - INFO - Cache hit pour match_statistics
2025-08-22 11:59:24,633 - INFO - Cache hit pour team_features
2025-08-22 11:59:24,633 - INFO - Cache hit pour player_features
2025-08-22 11:59:24,634 - INFO - Cache hit pour match_events
2025-08-22 11:59:24,634 - INFO - matches: 0 lignes
2025-08-22 11:59:24,634 - INFO - Cache hit pour lineups
2025-08-22 11:59:24,634 - INFO - team_features: 0 lignes
2025-08-22 11:59:24,635 - INFO - match_statistics: 0 lignes
2025-08-22 11:59:24,635 - INFO - player_features: 0 lignes
2025-08-22 11:59:24,635 - INFO - match_events: 0 lignes
2025-08-22 11:59:24,635 - INFO - lineups: 0 lignes
2025-08-22 11:59:24,635 - INFO -   matches: 0 lignes
2025-08-22 11:59:24,636 - INFO -   team_features: 0 lignes
2025-08-22 11:59:24,636 - INFO -   match_statistics: 0 lignes
2025-08-22 11:59:24,636 - INFO -   player_features: 0 lignes
2025-08-22 11:59:24,636 - INFO -   match_events: 0 lignes
2025-08-22 11:59:24,636 - INFO -   lineups: 0 lignes
2025-08-22 11:59:24,636 - INFO - 
PHASE 2: CALCUL FEATURES MANQUANTES
2025-08-22 11:59:24,636 - INFO - Calcul intelligent des features...
2025-08-22 11:59:24,636 - ERROR - ❌ ERREUR PIPELINE: No objects to concatenate
2025-08-22 11:59:24,654 - ERROR - Erreur generation predictions: [Errno 11001] getaddrinfo failed
2025-08-22 11:59:24,654 - ERROR - Aucune prediction generee!
