2025-08-19T13:14:37.853Z [INFO] 🚀 DÉMARRAGE COLLECTE PRODUCTION PHASE 1
2025-08-19T13:14:38.389Z [INFO] ✅ Environnement validé
2025-08-19T13:14:38.390Z [INFO] 📊 Quota API: 9/7500 calls aujourd'hui
2025-08-19T13:14:38.393Z [INFO] === PHASE 1: Saison 2024-25 complète (terminée) ===
2025-08-19T13:14:38.394Z [INFO] 
--- Collecte Ligue 1 (2024-25) ---
2025-08-19T13:14:38.497Z [ERROR] ❌ Erreur collecte Ligue 1: Could not find the 'logo_url' column of 'leagues' in the schema cache
2025-08-19T13:14:38.499Z [INFO] 
--- Collecte Premier League (2024-25) ---
2025-08-19T13:14:38.589Z [ERROR] ❌ Erreur collecte Premier League: Could not find the 'logo_url' column of 'leagues' in the schema cache
2025-08-19T13:14:38.592Z [INFO] 
--- Collecte La Liga (2024-25) ---
2025-08-19T13:14:38.709Z [ERROR] ❌ Erreur collecte La Liga: Could not find the 'logo_url' column of 'leagues' in the schema cache
2025-08-19T13:14:38.712Z [INFO] 
--- Collecte Bundesliga (2024-25) ---
2025-08-19T13:14:38.795Z [ERROR] ❌ Erreur collecte Bundesliga: Could not find the 'logo_url' column of 'leagues' in the schema cache
2025-08-19T13:14:38.797Z [INFO] 
--- Collecte Serie A (2024-25) ---
2025-08-19T13:14:38.875Z [ERROR] ❌ Erreur collecte Serie A: Could not find the 'logo_url' column of 'leagues' in the schema cache
2025-08-19T13:14:38.876Z [INFO] ✅ PHASE 1 TERMINÉE
2025-08-19T13:14:38.877Z [INFO] 📊 Total: 0 matchs, 0 API calls
2025-08-19T13:14:38.886Z [INFO] ✅ PHASE 1 TERMINÉE AVEC SUCCÈS
2025-08-19T13:15:08.637Z [INFO] 🚀 DÉMARRAGE COLLECTE PRODUCTION PHASE 1
2025-08-19T13:15:08.817Z [INFO] ✅ Environnement validé
2025-08-19T13:15:08.819Z [INFO] 📊 Quota API: 9/7500 calls aujourd'hui
2025-08-19T13:15:08.821Z [INFO] === PHASE 1: Saison 2024-25 complète (terminée) ===
2025-08-19T13:15:08.822Z [INFO] 
--- Collecte Ligue 1 (2024-25) ---
2025-08-19T13:15:08.942Z [INFO] League créée: Ligue 1 (France)
2025-08-19T13:15:09.072Z [ERROR] ❌ Erreur collecte Ligue 1: Could not find the 'season' column of 'seasons' in the schema cache
2025-08-19T13:15:09.074Z [INFO] 
--- Collecte Premier League (2024-25) ---
2025-08-19T13:15:09.150Z [INFO] League créée: Premier League (England)
2025-08-19T13:15:09.231Z [ERROR] ❌ Erreur collecte Premier League: Could not find the 'season' column of 'seasons' in the schema cache
2025-08-19T13:15:09.233Z [INFO] 
--- Collecte La Liga (2024-25) ---
2025-08-19T13:15:09.305Z [INFO] League créée: La Liga (Spain)
2025-08-19T13:15:09.375Z [ERROR] ❌ Erreur collecte La Liga: Could not find the 'season' column of 'seasons' in the schema cache
2025-08-19T13:15:09.377Z [INFO] 
--- Collecte Bundesliga (2024-25) ---
2025-08-19T13:15:09.437Z [INFO] League créée: Bundesliga (Germany)
2025-08-19T13:15:09.525Z [ERROR] ❌ Erreur collecte Bundesliga: Could not find the 'season' column of 'seasons' in the schema cache
2025-08-19T13:15:09.526Z [INFO] 
--- Collecte Serie A (2024-25) ---
2025-08-19T13:15:09.602Z [INFO] League créée: Serie A (Italy)
2025-08-19T13:15:09.666Z [ERROR] ❌ Erreur collecte Serie A: Could not find the 'season' column of 'seasons' in the schema cache
2025-08-19T13:15:09.668Z [INFO] ✅ PHASE 1 TERMINÉE
2025-08-19T13:15:09.669Z [INFO] 📊 Total: 0 matchs, 0 API calls
2025-08-19T13:15:09.680Z [INFO] ✅ PHASE 1 TERMINÉE AVEC SUCCÈS
2025-08-19T13:15:32.628Z [INFO] 🚀 DÉMARRAGE COLLECTE PRODUCTION PHASE 1
2025-08-19T13:15:32.802Z [INFO] ✅ Environnement validé
2025-08-19T13:15:32.803Z [INFO] 📊 Quota API: 9/7500 calls aujourd'hui
2025-08-19T13:15:32.806Z [INFO] === PHASE 1: Saison 2024-25 complète (terminée) ===
2025-08-19T13:15:32.807Z [INFO] 
--- Collecte Ligue 1 (2024-25) ---
2025-08-19T13:15:32.952Z [INFO] Saison créée: 2024-25 pour league 654bfa94-d7fa-47d4-a034-a22155fc8621
2025-08-19T13:15:32.954Z [INFO] Collecte fixtures Ligue 1 2024...
2025-08-19T13:15:33.001Z [INFO] 308/308 matchs terminés trouvés pour Ligue 1
2025-08-19T13:21:57.458Z [INFO] 🚀 DÉMARRAGE COLLECTE PRODUCTION PHASE 1
2025-08-19T13:21:57.755Z [INFO] ✅ Environnement validé
2025-08-19T13:21:57.757Z [INFO] 📊 Quota API: 10/7500 calls aujourd'hui
2025-08-19T13:21:57.760Z [INFO] === PHASE 1: Saison 2024-25 complète (terminée) ===
2025-08-19T13:21:57.761Z [INFO] 
--- Collecte Ligue 1 (2024-25) ---
2025-08-19T13:21:57.851Z [INFO] Collecte fixtures Ligue 1 2024...
2025-08-19T13:21:57.885Z [INFO] 308/308 matchs terminés trouvés pour Ligue 1
2025-08-19T13:25:50.761Z [INFO] Progress Ligue 1: 20/308 matchs
2025-08-19T13:29:54.471Z [INFO] Progress Ligue 1: 40/308 matchs
